<?xml version="1.0" encoding="UTF-8"?>
<testsuite name="pt.up.fe.ldts.example6.TreeSpockTest" tests="6" skipped="0" failures="0" errors="0" timestamp="2022-11-21T16:26:48" hostname="MacBook-Pro-de-David-2.local" time="0.15">
  <properties/>
  <testcase name="Tree Creation" classname="pt.up.fe.ldts.example6.TreeSpockTest" time="0.114"/>
  <testcase name="Tree Set Location" classname="pt.up.fe.ldts.example6.TreeSpockTest" time="0.001"/>
  <testcase name="Tree to String" classname="pt.up.fe.ldts.example6.TreeSpockTest" time="0.02"/>
  <testcase name="Add Appraisal" classname="pt.up.fe.ldts.example6.TreeSpockTest" time="0.004"/>
  <testcase name="Next Appraisal Overdue" classname="pt.up.fe.ldts.example6.TreeSpockTest" time="0.01"/>
  <testcase name="Next Appraisal Not Overdue" classname="pt.up.fe.ldts.example6.TreeSpockTest" time="0.0"/>
  <system-out><![CDATA[]]></system-out>
  <system-err><![CDATA[]]></system-err>
</testsuite>
